<?xml version="1.0" encoding="UTF-8"?>
<coverage generated="1619030217699" clover="3.2.0">
  <project timestamp="1619030217699" name="All files">
    <metrics statements="8" coveredstatements="8" conditionals="0" coveredconditionals="0" methods="4" coveredmethods="4" elements="12" coveredelements="12" complexity="0" loc="8" ncloc="8" packages="1" files="4" classes="4"/>
    <file name="div.js" path="/home/luan/Documentos/Trybe/trybe-exercises/BLOCO_10/exercises_10-1/div.js">
      <metrics statements="2" coveredstatements="2" conditionals="0" coveredconditionals="0" methods="1" coveredmethods="1"/>
      <line num="1" count="1" type="stmt"/>
      <line num="3" count="1" type="stmt"/>
    </file>
    <file name="multi.js" path="/home/luan/Documentos/Trybe/trybe-exercises/BLOCO_10/exercises_10-1/multi.js">
      <metrics statements="2" coveredstatements="2" conditionals="0" coveredconditionals="0" methods="1" coveredmethods="1"/>
      <line num="1" count="1" type="stmt"/>
      <line num="3" count="1" type="stmt"/>
    </file>
    <file name="sub.js" path="/home/luan/Documentos/Trybe/trybe-exercises/BLOCO_10/exercises_10-1/sub.js">
      <metrics statements="2" coveredstatements="2" conditionals="0" coveredconditionals="0" methods="1" coveredmethods="1"/>
      <line num="1" count="1" type="stmt"/>
      <line num="3" count="1" type="stmt"/>
    </file>
    <file name="sum.js" path="/home/luan/Documentos/Trybe/trybe-exercises/BLOCO_10/exercises_10-1/sum.js">
      <metrics statements="2" coveredstatements="2" conditionals="0" coveredconditionals="0" methods="1" coveredmethods="1"/>
      <line num="1" count="1" type="stmt"/>
      <line num="3" count="1" type="stmt"/>
    </file>
  </project>
</coverage>
